<?xml version="1.0" encoding="UTF-8"?>
<!-- Generated by org.testng.reporters.JUnitReportReporter -->
<testsuite skipped="0" hostname="B2ML39194" name="bazil.FrameworkCreation.loginpage" tests="3" failures="0" timestamp="2021-08-24T16:22:03 IST" time="36.653" errors="0">
  <testcase name="loginpage_field_validation" time="12.191" classname="bazil.FrameworkCreation.loginpage"/>
  <system-out/>
  <testcase name="loginpage_submit" time="12.305" classname="bazil.FrameworkCreation.loginpage"/>
  <system-out/>
  <testcase name="loginpage_submit" time="12.157" classname="bazil.FrameworkCreation.loginpage"/>
  <system-out/>
</testsuite> <!-- bazil.FrameworkCreation.loginpage -->
