<?xml version="1.0" encoding="UTF-8"?>
<!-- Generated by org.testng.reporters.JUnitReportReporter -->
<testsuite skipped="0" hostname="B2ML39194" name="bazil.FrameworkCreation.dbtest" tests="1" failures="0" timestamp="2021-08-27T07:38:24 IST" time="6.285" errors="0">
  <testcase name="database_validation" time="6.285" classname="bazil.FrameworkCreation.dbtest"/>
  <system-out/>
</testsuite> <!-- bazil.FrameworkCreation.dbtest -->
