<?xml version="1.0" encoding="UTF-8"?>
<!-- Generated by org.testng.reporters.JUnitReportReporter -->
<testsuite skipped="0" hostname="B2ML39194" name="bazil.FrameworkCreation.forgotpassword_test" tests="1" failures="0" timestamp="2021-08-24T07:30:10 IST" time="16.304" errors="0">
  <testcase name="forgotpassword" time="16.304" classname="bazil.FrameworkCreation.forgotpassword_test"/>
  <system-out/>
</testsuite> <!-- bazil.FrameworkCreation.forgotpassword_test -->
