<?xml version="1.0" encoding="UTF-8"?>
<!-- Generated by org.testng.reporters.JUnitReportReporter -->
<testsuite skipped="0" hostname="B2ML39194" name="bazil.FrameworkCreation.loginpage" tests="3" failures="0" timestamp="2021-08-24T07:30:10 IST" time="50.499" errors="0">
  <testcase name="loginpage_submit" time="19.641" classname="bazil.FrameworkCreation.loginpage"/>
  <system-out/>
  <testcase name="loginpage_field_validation" time="15.432" classname="bazil.FrameworkCreation.loginpage"/>
  <system-out/>
  <testcase name="loginpage_submit" time="15.426" classname="bazil.FrameworkCreation.loginpage"/>
  <system-out/>
</testsuite> <!-- bazil.FrameworkCreation.loginpage -->
