<?xml version="1.0" encoding="UTF-8"?>
<!-- Generated by org.testng.reporters.JUnitReportReporter -->
<testsuite skipped="0" hostname="B2ML39194" name="bazil.FrameworkCreation.homePage" tests="1" failures="0" timestamp="2021-08-24T07:30:10 IST" time="15.289" errors="0">
  <testcase name="titleValidation" time="15.289" classname="bazil.FrameworkCreation.homePage"/>
  <system-out/>
</testsuite> <!-- bazil.FrameworkCreation.homePage -->
